<?xml version="1.0" encoding="UTF-8"?>
<robot generator="Robot 3.0.2 (Python 3.6.3 on win32)" generated="20180224 15:15:07.993">
<suite id="s1" name="Test" source="F:\demo\2018-02-24\test1\test.robot">
<test id="s1-t1" name="testcase">
<kw name="Log" library="BuiltIn">
<doc>Logs the given message with the given level.</doc>
<arguments>
<arg>robot framework</arg>
</arguments>
<msg timestamp="20180224 15:15:08.020" level="INFO">robot framework</msg>
<status status="PASS" starttime="20180224 15:15:08.019" endtime="20180224 15:15:08.020"></status>
</kw>
<status status="PASS" starttime="20180224 15:15:08.019" endtime="20180224 15:15:08.020" critical="yes"></status>
</test>
<status status="PASS" starttime="20180224 15:15:07.995" endtime="20180224 15:15:08.022"></status>
</suite>
<statistics>
<total>
<stat pass="1" fail="0">Critical Tests</stat>
<stat pass="1" fail="0">All Tests</stat>
</total>
<tag>
</tag>
<suite>
<stat pass="1" fail="0" id="s1" name="Test">Test</stat>
</suite>
</statistics>
<errors>
</errors>
</robot>
